TN:
SF:node_modules/@openzeppelin/contracts/access/Ownable.sol
DA:38,168
FN:38,Ownable.constructor
FNDA:168,Ownable.constructor
DA:39,168
BRDA:39,0,0,0
DA:40,0
DA:42,168
DA:48,0
FN:48,Ownable.onlyOwner
FNDA:0,Ownable.onlyOwner
DA:49,0
DA:56,2
FN:56,Ownable.owner
FNDA:2,Ownable.owner
DA:57,128
DA:63,68
FN:63,Ownable._checkOwner
FNDA:68,Ownable._checkOwner
DA:64,68
BRDA:64,1,0,3
DA:65,3
DA:76,0
FN:76,Ownable.renounceOwnership
FNDA:0,Ownable.renounceOwnership
DA:77,0
DA:84,0
FN:84,Ownable.transferOwnership
FNDA:0,Ownable.transferOwnership
DA:85,0
BRDA:85,2,0,-
DA:86,0
DA:88,0
DA:95,168
FN:95,Ownable._transferOwnership
FNDA:168,Ownable._transferOwnership
DA:96,168
DA:97,168
DA:98,168
FNF:7
FNH:4
LF:21
LH:12
BRF:3
BRH:1
end_of_record
TN:
SF:node_modules/@openzeppelin/contracts/utils/Bytes.sol
DA:19,0
FN:19,Bytes.indexOf.0
FNDA:0,Bytes.indexOf.0
DA:20,0
DA:30,0
FN:30,Bytes.indexOf.1
FNDA:0,Bytes.indexOf.1
DA:31,0
DA:32,0
DA:33,0
BRDA:33,0,0,-
DA:34,0
DA:37,0
DA:47,0
FN:47,Bytes.lastIndexOf.0
FNDA:0,Bytes.lastIndexOf.0
DA:48,0
DA:58,0
FN:58,Bytes.lastIndexOf.1
FNDA:0,Bytes.lastIndexOf.1
DA:60,0
DA:61,0
DA:62,0
BRDA:62,1,0,-
DA:63,0
DA:66,0
DA:76,0
FN:76,Bytes.slice.0
FNDA:0,Bytes.slice.0
DA:77,0
DA:86,0
FN:86,Bytes.slice.1
FNDA:0,Bytes.slice.1
DA:88,0
DA:89,0
DA:90,0
DA:93,0
DA:95,0
DA:98,0
DA:107,0
FN:107,Bytes._unsafeReadBytesOffset
FNDA:0,Bytes._unsafeReadBytesOffset
DA:110,0
FNF:7
FNH:0
LF:27
LH:0
BRF:2
BRH:0
end_of_record
TN:
SF:node_modules/@openzeppelin/contracts/utils/Context.sol
DA:17,71
FN:17,Context._msgSender
FNDA:71,Context._msgSender
DA:18,71
DA:21,0
FN:21,Context._msgData
FNDA:0,Context._msgData
DA:22,0
DA:25,0
FN:25,Context._contextSuffixLength
FNDA:0,Context._contextSuffixLength
DA:26,0
FNF:3
FNH:1
LF:6
LH:2
BRF:0
BRH:0
end_of_record
TN:
SF:node_modules/@openzeppelin/contracts/utils/Panic.sol
DA:50,0
FN:50,Panic.panic
FNDA:0,Panic.panic
DA:52,0
DA:53,0
DA:54,0
FNF:1
FNH:0
LF:4
LH:0
BRF:0
BRH:0
end_of_record
TN:
SF:node_modules/@openzeppelin/contracts/utils/Strings.sol
DA:45,4
FN:45,Strings.toString
FNDA:4,Strings.toString
DA:47,4
DA:48,4
DA:49,4
DA:51,4
DA:54,40
DA:56,40
DA:58,40
DA:59,40
BRDA:59,0,0,0
DA:61,4
DA:68,0
FN:68,Strings.toStringSigned
FNDA:0,Strings.toStringSigned
DA:69,0
DA:75,0
FN:75,Strings.toHexString.0
FNDA:0,Strings.toHexString.0
DA:77,0
DA:84,3
FN:84,Strings.toHexString.1
FNDA:3,Strings.toHexString.1
DA:85,3
DA:86,3
DA:87,3
DA:88,3
DA:89,3
DA:90,120
DA:91,120
DA:93,3
BRDA:93,1,0,0
DA:94,0
DA:96,3
DA:103,3
FN:103,Strings.toHexString.2
FNDA:3,Strings.toHexString.2
DA:104,3
DA:111,0
FN:111,Strings.toChecksumHexString
FNDA:0,Strings.toChecksumHexString
DA:112,0
DA:115,0
DA:117,0
DA:120,0
DA:122,0
BRDA:122,2,0,-
DA:124,0
DA:126,0
DA:128,0
DA:134,0
FN:134,Strings.equal
FNDA:0,Strings.equal
DA:135,0
DA:145,0
FN:145,Strings.parseUint.0
FNDA:0,Strings.parseUint.0
DA:146,0
DA:157,0
FN:157,Strings.parseUint.1
FNDA:0,Strings.parseUint.1
DA:158,0
DA:159,0
BRDA:159,3,0,-
DA:160,0
DA:168,0
FN:168,Strings.tryParseUint.0
FNDA:0,Strings.tryParseUint.0
DA:169,0
DA:178,0
FN:178,Strings.tryParseUint.1
FNDA:0,Strings.tryParseUint.1
DA:183,0
BRDA:183,4,0,-
DA:184,0
DA:191,0
FN:191,Strings._tryParseUintUncheckedBounds
FNDA:0,Strings._tryParseUintUncheckedBounds
DA:196,0
DA:198,0
DA:199,0
DA:200,0
DA:201,0
BRDA:201,5,0,-
DA:202,0
DA:203,0
DA:205,0
DA:215,0
FN:215,Strings.parseInt.0
FNDA:0,Strings.parseInt.0
DA:216,0
DA:227,0
FN:227,Strings.parseInt.1
FNDA:0,Strings.parseInt.1
DA:228,0
DA:229,0
BRDA:229,6,0,-
DA:230,0
DA:239,0
FN:239,Strings.tryParseInt.0
FNDA:0,Strings.tryParseInt.0
DA:240,0
DA:251,0
FN:251,Strings.tryParseInt.1
FNDA:0,Strings.tryParseInt.1
DA:256,0
BRDA:256,7,0,-
DA:257,0
DA:264,0
FN:264,Strings._tryParseIntUncheckedBounds
FNDA:0,Strings._tryParseIntUncheckedBounds
DA:269,0
DA:272,0
DA:273,0
DA:274,0
DA:275,0
DA:277,0
DA:279,0
BRDA:279,8,0,-
BRDA:279,8,1,-
DA:280,0
DA:281,0
BRDA:281,9,1,-
BRDA:281,9,0,-
DA:282,0
DA:283,0
DA:293,0
FN:293,Strings.parseHexUint.0
FNDA:0,Strings.parseHexUint.0
DA:294,0
DA:305,0
FN:305,Strings.parseHexUint.1
FNDA:0,Strings.parseHexUint.1
DA:306,0
DA:307,0
BRDA:307,10,0,-
DA:308,0
DA:316,0
FN:316,Strings.tryParseHexUint.0
FNDA:0,Strings.tryParseHexUint.0
DA:317,0
DA:326,0
FN:326,Strings.tryParseHexUint.1
FNDA:0,Strings.tryParseHexUint.1
DA:331,0
BRDA:331,11,0,-
DA:332,0
DA:339,0
FN:339,Strings._tryParseHexUintUncheckedBounds
FNDA:0,Strings._tryParseHexUintUncheckedBounds
DA:344,0
DA:347,0
DA:348,0
DA:350,0
DA:351,0
DA:352,0
DA:353,0
BRDA:353,12,0,-
DA:354,0
DA:358,0
DA:361,0
DA:370,0
FN:370,Strings.parseAddress.0
FNDA:0,Strings.parseAddress.0
DA:371,0
DA:381,0
FN:381,Strings.parseAddress.1
FNDA:0,Strings.parseAddress.1
DA:382,0
DA:383,0
BRDA:383,13,0,-
DA:384,0
DA:391,0
FN:391,Strings.tryParseAddress.0
FNDA:0,Strings.tryParseAddress.0
DA:392,0
DA:399,0
FN:399,Strings.tryParseAddress.1
FNDA:0,Strings.tryParseAddress.1
DA:404,0
BRDA:404,14,0,-
DA:406,0
DA:407,0
DA:410,0
BRDA:410,15,0,-
BRDA:410,15,1,-
DA:412,0
DA:413,0
DA:415,0
DA:419,0
FN:419,Strings._tryParseChr
FNDA:0,Strings._tryParseChr
DA:420,0
DA:428,0
BRDA:428,16,0,-
BRDA:428,16,1,-
DA:429,0
BRDA:429,17,0,-
BRDA:429,17,1,-
DA:430,0
BRDA:430,18,0,-
BRDA:430,18,1,-
DA:431,0
DA:434,0
DA:446,0
FN:446,Strings.escapeJSON
FNDA:0,Strings.escapeJSON
DA:447,0
DA:448,0
DA:449,0
DA:451,0
DA:452,0
DA:453,0
BRDA:453,19,0,-
BRDA:453,19,1,-
DA:454,0
DA:455,0
BRDA:455,20,0,-
BRDA:455,20,1,-
DA:456,0
BRDA:456,21,0,-
BRDA:456,21,1,-
DA:457,0
BRDA:457,22,0,-
BRDA:457,22,1,-
DA:458,0
BRDA:458,23,0,-
BRDA:458,23,1,-
DA:459,0
BRDA:459,24,0,-
BRDA:459,24,1,-
DA:460,0
BRDA:460,25,0,-
BRDA:460,25,1,-
DA:461,0
BRDA:461,26,0,-
DA:463,0
DA:466,0
DA:471,0
DA:472,0
DA:475,0
DA:484,0
FN:484,Strings._unsafeReadBytesOffset
FNDA:0,Strings._unsafeReadBytesOffset
DA:487,0
FNF:29
FNH:3
LF:148
LH:22
BRF:40
BRH:0
end_of_record
TN:
SF:node_modules/@openzeppelin/contracts/utils/cryptography/ECDSA.sol
DA:56,51
FN:56,ECDSA.tryRecover.0
FNDA:51,ECDSA.tryRecover.0
DA:60,51
BRDA:60,0,0,51
BRDA:60,0,1,0
DA:61,51
DA:62,51
DA:63,51
DA:67,51
DA:68,51
DA:69,51
DA:71,51
DA:73,0
DA:91,0
FN:91,ECDSA.recover.0
FNDA:0,ECDSA.recover.0
DA:92,0
DA:93,0
DA:94,0
DA:102,0
FN:102,ECDSA.tryRecover.1
FNDA:0,ECDSA.tryRecover.1
DA:108,0
DA:110,0
DA:111,0
DA:118,0
FN:118,ECDSA.recover.1
FNDA:0,ECDSA.recover.1
DA:119,0
DA:120,0
DA:121,0
DA:128,51
FN:128,ECDSA.tryRecover.2
FNDA:51,ECDSA.tryRecover.2
DA:143,51
BRDA:143,1,0,0
DA:144,0
DA:148,51
DA:149,51
BRDA:149,2,0,0
DA:150,0
DA:153,51
DA:160,0
FN:160,ECDSA.recover.2
FNDA:0,ECDSA.recover.2
DA:161,0
DA:162,0
DA:163,0
DA:169,0
FN:169,ECDSA._throwError
FNDA:0,ECDSA._throwError
DA:170,0
BRDA:170,3,0,-
BRDA:170,3,1,-
DA:171,0
DA:172,0
BRDA:172,4,0,-
BRDA:172,4,1,-
DA:173,0
DA:174,0
BRDA:174,5,0,-
BRDA:174,5,1,-
DA:175,0
DA:176,0
BRDA:176,6,0,-
DA:177,0
FNF:7
FNH:2
LF:42
LH:14
BRF:11
BRH:1
end_of_record
TN:
SF:node_modules/@openzeppelin/contracts/utils/cryptography/MessageHashUtils.sol
DA:30,0
FN:30,MessageHashUtils.toEthSignedMessageHash.0
FNDA:0,MessageHashUtils.toEthSignedMessageHash.0
DA:32,0
DA:33,0
DA:34,0
DA:48,0
FN:48,MessageHashUtils.toEthSignedMessageHash.1
FNDA:0,MessageHashUtils.toEthSignedMessageHash.1
DA:49,0
DA:50,0
DA:62,0
FN:62,MessageHashUtils.toDataWithIntendedValidatorHash.0
FNDA:0,MessageHashUtils.toDataWithIntendedValidatorHash.0
DA:63,0
DA:69,0
FN:69,MessageHashUtils.toDataWithIntendedValidatorHash.1
FNDA:0,MessageHashUtils.toDataWithIntendedValidatorHash.1
DA:74,0
DA:75,0
DA:76,0
DA:77,0
DA:90,51
FN:90,MessageHashUtils.toTypedDataHash
FNDA:51,MessageHashUtils.toTypedDataHash
DA:92,51
DA:93,51
DA:94,51
DA:95,51
DA:96,51
FNF:5
FNH:1
LF:20
LH:6
BRF:0
BRH:0
end_of_record
TN:
SF:node_modules/@openzeppelin/contracts/utils/cryptography/SignatureChecker.sol
DA:32,51
FN:32,SignatureChecker.isValidSignatureNow.0
FNDA:51,SignatureChecker.isValidSignatureNow.0
DA:33,51
BRDA:33,0,0,51
BRDA:33,0,1,0
DA:34,51
DA:35,51
DA:37,0
DA:48,0
FN:48,SignatureChecker.isValidERC1271SignatureNow
FNDA:0,SignatureChecker.isValidERC1271SignatureNow
DA:53,0
DA:56,0
DA:76,0
FN:76,SignatureChecker.isValidSignatureNow.1
FNDA:0,SignatureChecker.isValidSignatureNow.1
DA:81,0
BRDA:81,1,0,-
BRDA:81,1,1,-
DA:82,0
DA:83,0
BRDA:83,2,0,-
BRDA:83,2,1,-
DA:84,0
DA:86,0
DA:89,0
DA:105,0
FN:105,SignatureChecker.areValidSignaturesNow
FNDA:0,SignatureChecker.areValidSignaturesNow
DA:110,0
BRDA:110,3,0,-
DA:112,0
DA:114,0
DA:115,0
DA:118,0
BRDA:118,4,0,-
DA:120,0
DA:122,0
BRDA:122,5,0,-
BRDA:122,5,1,-
DA:123,0
DA:127,0
DA:128,0
BRDA:128,6,0,-
DA:133,0
FNF:4
FNH:1
LF:27
LH:4
BRF:11
BRH:1
end_of_record
TN:
SF:node_modules/@openzeppelin/contracts/utils/math/Math.sol
DA:25,0
FN:25,Math.add512
FNDA:0,Math.add512
DA:27,0
DA:28,0
DA:37,0
FN:37,Math.mul512
FNDA:0,Math.mul512
DA:42,0
DA:43,0
DA:44,0
DA:51,222
FN:51,Math.tryAdd
FNDA:222,Math.tryAdd
DA:53,222
DA:54,222
DA:55,222
DA:62,0
FN:62,Math.trySub
FNDA:0,Math.trySub
DA:64,0
DA:65,0
DA:66,0
DA:73,0
FN:73,Math.tryMul
FNDA:0,Math.tryMul
DA:75,0
DA:79,0
DA:82,0
DA:89,0
FN:89,Math.tryDiv
FNDA:0,Math.tryDiv
DA:91,0
DA:94,0
DA:102,0
FN:102,Math.tryMod
FNDA:0,Math.tryMod
DA:104,0
DA:107,0
DA:115,0
FN:115,Math.saturatingAdd
FNDA:0,Math.saturatingAdd
DA:116,0
DA:117,0
DA:123,0
FN:123,Math.saturatingSub
FNDA:0,Math.saturatingSub
DA:124,0
DA:125,0
DA:131,0
FN:131,Math.saturatingMul
FNDA:0,Math.saturatingMul
DA:132,0
DA:133,0
DA:143,0
FN:143,Math.ternary
FNDA:0,Math.ternary
DA:148,0
DA:155,0
FN:155,Math.max
FNDA:0,Math.max
DA:156,0
DA:162,0
FN:162,Math.min
FNDA:0,Math.min
DA:163,0
DA:170,0
FN:170,Math.average
FNDA:0,Math.average
DA:172,0
DA:181,0
FN:181,Math.ceilDiv
FNDA:0,Math.ceilDiv
DA:182,0
BRDA:182,0,0,-
DA:184,0
DA:193,0
DA:204,0
FN:204,Math.mulDiv.0
FNDA:0,Math.mulDiv.0
DA:206,0
DA:209,0
BRDA:209,1,0,-
DA:213,0
DA:217,0
BRDA:217,2,0,-
DA:218,0
DA:226,0
DA:229,0
DA:232,0
DA:233,0
DA:239,0
DA:242,0
DA:245,0
DA:248,0
DA:252,0
DA:257,0
DA:261,0
DA:262,0
DA:263,0
DA:264,0
DA:265,0
DA:266,0
DA:272,0
DA:273,0
DA:280,0
FN:280,Math.mulDiv.1
FNDA:0,Math.mulDiv.1
DA:281,0
DA:287,0
FN:287,Math.mulShr.0
FNDA:0,Math.mulShr.0
DA:289,0
DA:290,0
BRDA:290,3,0,-
DA:291,0
DA:293,0
DA:300,0
FN:300,Math.mulShr.1
FNDA:0,Math.mulShr.1
DA:301,0
DA:315,0
FN:315,Math.invMod
FNDA:0,Math.invMod
DA:317,0
BRDA:317,4,0,-
DA:327,0
DA:328,0
DA:333,0
DA:334,0
DA:336,0
DA:337,0
DA:339,0
DA:348,0
DA:358,0
BRDA:358,5,0,-
DA:359,0
DA:372,0
FN:372,Math.invModPrime
FNDA:0,Math.invModPrime
DA:374,0
DA:391,0
FN:391,Math.modExp.0
FNDA:0,Math.modExp.0
DA:392,0
DA:393,0
BRDA:393,6,0,-
DA:394,0
DA:396,0
DA:409,0
FN:409,Math.tryModExp.0
FNDA:0,Math.tryModExp.0
DA:410,0
BRDA:410,7,0,-
DA:412,0
DA:421,0
DA:422,0
DA:423,0
DA:424,0
DA:425,0
DA:426,0
DA:430,0
DA:431,0
DA:438,0
FN:438,Math.modExp.1
FNDA:0,Math.modExp.1
DA:439,0
DA:440,0
BRDA:440,8,0,-
DA:441,0
DA:443,0
DA:449,0
FN:449,Math.tryModExp.1
FNDA:0,Math.tryModExp.1
DA:454,0
BRDA:454,9,0,-
DA:456,0
DA:459,0
DA:462,0
DA:464,0
DA:467,0
DA:469,0
DA:476,0
FN:476,Math._zeroBytes
FNDA:0,Math._zeroBytes
DA:477,0
DA:478,0
BRDA:478,10,0,-
DA:479,0
DA:482,0
DA:492,0
FN:492,Math.sqrt.0
FNDA:0,Math.sqrt.0
DA:495,0
BRDA:495,11,0,-
DA:496,0
DA:511,0
DA:512,0
DA:514,0
BRDA:514,12,0,-
DA:515,0
DA:516,0
DA:518,0
BRDA:518,13,0,-
DA:519,0
DA:520,0
DA:522,0
BRDA:522,14,0,-
DA:523,0
DA:524,0
DA:526,0
BRDA:526,15,0,-
DA:527,0
DA:528,0
DA:530,0
BRDA:530,16,0,-
DA:531,0
DA:532,0
DA:534,0
BRDA:534,17,0,-
DA:535,0
DA:536,0
DA:538,0
BRDA:538,18,0,-
DA:539,0
DA:547,0
DA:584,0
DA:585,0
DA:586,0
DA:587,0
DA:588,0
DA:589,0
DA:594,0
DA:601,0
FN:601,Math.sqrt.1
FNDA:0,Math.sqrt.1
DA:603,0
DA:604,0
DA:612,0
FN:612,Math.log2.0
FNDA:0,Math.log2.0
DA:614,0
DA:616,0
DA:618,0
DA:620,0
DA:622,0
DA:624,0
DA:649,0
DA:657,0
FN:657,Math.log2.1
FNDA:0,Math.log2.1
DA:659,0
DA:660,0
DA:668,4
FN:668,Math.log10.0
FNDA:4,Math.log10.0
DA:669,4
DA:671,4
BRDA:671,19,0,0
DA:672,0
DA:673,0
DA:675,4
BRDA:675,20,0,0
DA:676,0
DA:677,0
DA:679,4
BRDA:679,21,0,0
DA:680,0
DA:681,0
DA:683,4
BRDA:683,22,0,4
DA:684,4
DA:685,4
DA:687,4
BRDA:687,23,0,0
DA:688,0
DA:689,0
DA:691,4
BRDA:691,24,0,0
DA:692,0
DA:693,0
DA:695,4
BRDA:695,25,0,4
DA:696,4
DA:699,4
DA:706,0
FN:706,Math.log10.1
FNDA:0,Math.log10.1
DA:708,0
DA:709,0
DA:719,0
FN:719,Math.log256.0
FNDA:0,Math.log256.0
DA:721,0
DA:723,0
DA:725,0
DA:727,0
DA:729,0
DA:736,0
FN:736,Math.log256.1
FNDA:0,Math.log256.1
DA:738,0
DA:739,0
DA:746,0
FN:746,Math.unsignedRoundsUp
FNDA:0,Math.unsignedRoundsUp
DA:747,0
FNF:35
FNH:2
LF:211
LH:17
BRF:26
BRH:2
end_of_record
TN:
SF:node_modules/@openzeppelin/contracts/utils/math/SafeCast.sol
DA:50,0
FN:50,SafeCast.toUint248
FNDA:0,SafeCast.toUint248
DA:51,0
BRDA:51,0,0,-
DA:52,0
DA:54,0
DA:67,0
FN:67,SafeCast.toUint240
FNDA:0,SafeCast.toUint240
DA:68,0
BRDA:68,1,0,-
DA:69,0
DA:71,0
DA:84,0
FN:84,SafeCast.toUint232
FNDA:0,SafeCast.toUint232
DA:85,0
BRDA:85,2,0,-
DA:86,0
DA:88,0
DA:101,0
FN:101,SafeCast.toUint224
FNDA:0,SafeCast.toUint224
DA:102,0
BRDA:102,3,0,-
DA:103,0
DA:105,0
DA:118,0
FN:118,SafeCast.toUint216
FNDA:0,SafeCast.toUint216
DA:119,0
BRDA:119,4,0,-
DA:120,0
DA:122,0
DA:135,0
FN:135,SafeCast.toUint208
FNDA:0,SafeCast.toUint208
DA:136,0
BRDA:136,5,0,-
DA:137,0
DA:139,0
DA:152,0
FN:152,SafeCast.toUint200
FNDA:0,SafeCast.toUint200
DA:153,0
BRDA:153,6,0,-
DA:154,0
DA:156,0
DA:169,0
FN:169,SafeCast.toUint192
FNDA:0,SafeCast.toUint192
DA:170,0
BRDA:170,7,0,-
DA:171,0
DA:173,0
DA:186,0
FN:186,SafeCast.toUint184
FNDA:0,SafeCast.toUint184
DA:187,0
BRDA:187,8,0,-
DA:188,0
DA:190,0
DA:203,0
FN:203,SafeCast.toUint176
FNDA:0,SafeCast.toUint176
DA:204,0
BRDA:204,9,0,-
DA:205,0
DA:207,0
DA:220,0
FN:220,SafeCast.toUint168
FNDA:0,SafeCast.toUint168
DA:221,0
BRDA:221,10,0,-
DA:222,0
DA:224,0
DA:237,0
FN:237,SafeCast.toUint160
FNDA:0,SafeCast.toUint160
DA:238,0
BRDA:238,11,0,-
DA:239,0
DA:241,0
DA:254,0
FN:254,SafeCast.toUint152
FNDA:0,SafeCast.toUint152
DA:255,0
BRDA:255,12,0,-
DA:256,0
DA:258,0
DA:271,0
FN:271,SafeCast.toUint144
FNDA:0,SafeCast.toUint144
DA:272,0
BRDA:272,13,0,-
DA:273,0
DA:275,0
DA:288,0
FN:288,SafeCast.toUint136
FNDA:0,SafeCast.toUint136
DA:289,0
BRDA:289,14,0,-
DA:290,0
DA:292,0
DA:305,0
FN:305,SafeCast.toUint128
FNDA:0,SafeCast.toUint128
DA:306,0
BRDA:306,15,0,-
DA:307,0
DA:309,0
DA:322,0
FN:322,SafeCast.toUint120
FNDA:0,SafeCast.toUint120
DA:323,0
BRDA:323,16,0,-
DA:324,0
DA:326,0
DA:339,0
FN:339,SafeCast.toUint112
FNDA:0,SafeCast.toUint112
DA:340,0
BRDA:340,17,0,-
DA:341,0
DA:343,0
DA:356,0
FN:356,SafeCast.toUint104
FNDA:0,SafeCast.toUint104
DA:357,0
BRDA:357,18,0,-
DA:358,0
DA:360,0
DA:373,0
FN:373,SafeCast.toUint96
FNDA:0,SafeCast.toUint96
DA:374,0
BRDA:374,19,0,-
DA:375,0
DA:377,0
DA:390,0
FN:390,SafeCast.toUint88
FNDA:0,SafeCast.toUint88
DA:391,0
BRDA:391,20,0,-
DA:392,0
DA:394,0
DA:407,0
FN:407,SafeCast.toUint80
FNDA:0,SafeCast.toUint80
DA:408,0
BRDA:408,21,0,-
DA:409,0
DA:411,0
DA:424,0
FN:424,SafeCast.toUint72
FNDA:0,SafeCast.toUint72
DA:425,0
BRDA:425,22,0,-
DA:426,0
DA:428,0
DA:441,0
FN:441,SafeCast.toUint64
FNDA:0,SafeCast.toUint64
DA:442,0
BRDA:442,23,0,-
DA:443,0
DA:445,0
DA:458,0
FN:458,SafeCast.toUint56
FNDA:0,SafeCast.toUint56
DA:459,0
BRDA:459,24,0,-
DA:460,0
DA:462,0
DA:475,0
FN:475,SafeCast.toUint48
FNDA:0,SafeCast.toUint48
DA:476,0
BRDA:476,25,0,-
DA:477,0
DA:479,0
DA:492,0
FN:492,SafeCast.toUint40
FNDA:0,SafeCast.toUint40
DA:493,0
BRDA:493,26,0,-
DA:494,0
DA:496,0
DA:509,0
FN:509,SafeCast.toUint32
FNDA:0,SafeCast.toUint32
DA:510,0
BRDA:510,27,0,-
DA:511,0
DA:513,0
DA:526,0
FN:526,SafeCast.toUint24
FNDA:0,SafeCast.toUint24
DA:527,0
BRDA:527,28,0,-
DA:528,0
DA:530,0
DA:543,0
FN:543,SafeCast.toUint16
FNDA:0,SafeCast.toUint16
DA:544,0
BRDA:544,29,0,-
DA:545,0
DA:547,0
DA:560,0
FN:560,SafeCast.toUint8
FNDA:0,SafeCast.toUint8
DA:561,0
BRDA:561,30,0,-
DA:562,0
DA:564,0
DA:574,0
FN:574,SafeCast.toUint256
FNDA:0,SafeCast.toUint256
DA:575,0
BRDA:575,31,0,-
DA:576,0
DA:578,0
DA:592,0
FN:592,SafeCast.toInt248
FNDA:0,SafeCast.toInt248
DA:593,0
DA:594,0
BRDA:594,32,0,-
DA:595,0
DA:610,0
FN:610,SafeCast.toInt240
FNDA:0,SafeCast.toInt240
DA:611,0
DA:612,0
BRDA:612,33,0,-
DA:613,0
DA:628,0
FN:628,SafeCast.toInt232
FNDA:0,SafeCast.toInt232
DA:629,0
DA:630,0
BRDA:630,34,0,-
DA:631,0
DA:646,0
FN:646,SafeCast.toInt224
FNDA:0,SafeCast.toInt224
DA:647,0
DA:648,0
BRDA:648,35,0,-
DA:649,0
DA:664,0
FN:664,SafeCast.toInt216
FNDA:0,SafeCast.toInt216
DA:665,0
DA:666,0
BRDA:666,36,0,-
DA:667,0
DA:682,0
FN:682,SafeCast.toInt208
FNDA:0,SafeCast.toInt208
DA:683,0
DA:684,0
BRDA:684,37,0,-
DA:685,0
DA:700,0
FN:700,SafeCast.toInt200
FNDA:0,SafeCast.toInt200
DA:701,0
DA:702,0
BRDA:702,38,0,-
DA:703,0
DA:718,0
FN:718,SafeCast.toInt192
FNDA:0,SafeCast.toInt192
DA:719,0
DA:720,0
BRDA:720,39,0,-
DA:721,0
DA:736,0
FN:736,SafeCast.toInt184
FNDA:0,SafeCast.toInt184
DA:737,0
DA:738,0
BRDA:738,40,0,-
DA:739,0
DA:754,0
FN:754,SafeCast.toInt176
FNDA:0,SafeCast.toInt176
DA:755,0
DA:756,0
BRDA:756,41,0,-
DA:757,0
DA:772,0
FN:772,SafeCast.toInt168
FNDA:0,SafeCast.toInt168
DA:773,0
DA:774,0
BRDA:774,42,0,-
DA:775,0
DA:790,0
FN:790,SafeCast.toInt160
FNDA:0,SafeCast.toInt160
DA:791,0
DA:792,0
BRDA:792,43,0,-
DA:793,0
DA:808,0
FN:808,SafeCast.toInt152
FNDA:0,SafeCast.toInt152
DA:809,0
DA:810,0
BRDA:810,44,0,-
DA:811,0
DA:826,0
FN:826,SafeCast.toInt144
FNDA:0,SafeCast.toInt144
DA:827,0
DA:828,0
BRDA:828,45,0,-
DA:829,0
DA:844,0
FN:844,SafeCast.toInt136
FNDA:0,SafeCast.toInt136
DA:845,0
DA:846,0
BRDA:846,46,0,-
DA:847,0
DA:862,0
FN:862,SafeCast.toInt128
FNDA:0,SafeCast.toInt128
DA:863,0
DA:864,0
BRDA:864,47,0,-
DA:865,0
DA:880,0
FN:880,SafeCast.toInt120
FNDA:0,SafeCast.toInt120
DA:881,0
DA:882,0
BRDA:882,48,0,-
DA:883,0
DA:898,0
FN:898,SafeCast.toInt112
FNDA:0,SafeCast.toInt112
DA:899,0
DA:900,0
BRDA:900,49,0,-
DA:901,0
DA:916,0
FN:916,SafeCast.toInt104
FNDA:0,SafeCast.toInt104
DA:917,0
DA:918,0
BRDA:918,50,0,-
DA:919,0
DA:934,0
FN:934,SafeCast.toInt96
FNDA:0,SafeCast.toInt96
DA:935,0
DA:936,0
BRDA:936,51,0,-
DA:937,0
DA:952,0
FN:952,SafeCast.toInt88
FNDA:0,SafeCast.toInt88
DA:953,0
DA:954,0
BRDA:954,52,0,-
DA:955,0
DA:970,0
FN:970,SafeCast.toInt80
FNDA:0,SafeCast.toInt80
DA:971,0
DA:972,0
BRDA:972,53,0,-
DA:973,0
DA:988,0
FN:988,SafeCast.toInt72
FNDA:0,SafeCast.toInt72
DA:989,0
DA:990,0
BRDA:990,54,0,-
DA:991,0
DA:1006,0
FN:1006,SafeCast.toInt64
FNDA:0,SafeCast.toInt64
DA:1007,0
DA:1008,0
BRDA:1008,55,0,-
DA:1009,0
DA:1024,0
FN:1024,SafeCast.toInt56
FNDA:0,SafeCast.toInt56
DA:1025,0
DA:1026,0
BRDA:1026,56,0,-
DA:1027,0
DA:1042,0
FN:1042,SafeCast.toInt48
FNDA:0,SafeCast.toInt48
DA:1043,0
DA:1044,0
BRDA:1044,57,0,-
DA:1045,0
DA:1060,0
FN:1060,SafeCast.toInt40
FNDA:0,SafeCast.toInt40
DA:1061,0
DA:1062,0
BRDA:1062,58,0,-
DA:1063,0
DA:1078,0
FN:1078,SafeCast.toInt32
FNDA:0,SafeCast.toInt32
DA:1079,0
DA:1080,0
BRDA:1080,59,0,-
DA:1081,0
DA:1096,0
FN:1096,SafeCast.toInt24
FNDA:0,SafeCast.toInt24
DA:1097,0
DA:1098,0
BRDA:1098,60,0,-
DA:1099,0
DA:1114,0
FN:1114,SafeCast.toInt16
FNDA:0,SafeCast.toInt16
DA:1115,0
DA:1116,0
BRDA:1116,61,0,-
DA:1117,0
DA:1132,0
FN:1132,SafeCast.toInt8
FNDA:0,SafeCast.toInt8
DA:1133,0
DA:1134,0
BRDA:1134,62,0,-
DA:1135,0
DA:1146,0
FN:1146,SafeCast.toInt256
FNDA:0,SafeCast.toInt256
DA:1148,0
BRDA:1148,63,0,-
DA:1149,0
DA:1151,0
DA:1157,222
FN:1157,SafeCast.toUint
FNDA:222,SafeCast.toUint
DA:1159,222
FNF:65
FNH:1
LF:258
LH:2
BRF:64
BRH:0
end_of_record
TN:
SF:node_modules/@openzeppelin/contracts/utils/math/SignedMath.sol
DA:19,0
FN:19,SignedMath.ternary
FNDA:0,SignedMath.ternary
DA:24,0
DA:31,0
FN:31,SignedMath.max
FNDA:0,SignedMath.max
DA:32,0
DA:38,0
FN:38,SignedMath.min
FNDA:0,SignedMath.min
DA:39,0
DA:46,0
FN:46,SignedMath.average
FNDA:0,SignedMath.average
DA:48,0
DA:49,0
DA:55,0
FN:55,SignedMath.abs
FNDA:0,SignedMath.abs
DA:62,0
DA:65,0
FNF:5
FNH:0
LF:12
LH:0
BRF:0
BRH:0
end_of_record
TN:
SF:node_modules/@openzeppelin/contracts-upgradeable/access/OwnableUpgradeable.sol
DA:30,545
FN:30,OwnableUpgradeable._getOwnableStorage
FNDA:545,OwnableUpgradeable._getOwnableStorage
DA:32,545
DA:51,55
FN:51,OwnableUpgradeable.__Ownable_init
FNDA:55,OwnableUpgradeable.__Ownable_init
DA:52,55
DA:55,55
FN:55,OwnableUpgradeable.__Ownable_init_unchained
FNDA:55,OwnableUpgradeable.__Ownable_init_unchained
DA:56,55
BRDA:56,0,0,0
DA:57,0
DA:59,55
DA:65,222
FN:65,OwnableUpgradeable.onlyOwner
FNDA:222,OwnableUpgradeable.onlyOwner
DA:66,222
DA:73,0
FN:73,OwnableUpgradeable.owner
FNDA:0,OwnableUpgradeable.owner
DA:74,490
DA:75,490
DA:81,444
FN:81,OwnableUpgradeable._checkOwner
FNDA:444,OwnableUpgradeable._checkOwner
DA:82,444
BRDA:82,1,0,0
DA:83,0
DA:94,0
FN:94,OwnableUpgradeable.renounceOwnership
FNDA:0,OwnableUpgradeable.renounceOwnership
DA:95,0
DA:102,0
FN:102,OwnableUpgradeable.transferOwnership
FNDA:0,OwnableUpgradeable.transferOwnership
DA:103,0
BRDA:103,2,0,-
DA:104,0
DA:106,0
DA:113,55
FN:113,OwnableUpgradeable._transferOwnership
FNDA:55,OwnableUpgradeable._transferOwnership
DA:114,55
DA:115,55
DA:116,55
DA:117,55
FNF:9
FNH:6
LF:27
LH:18
BRF:3
BRH:0
end_of_record
TN:
SF:node_modules/@openzeppelin/contracts-upgradeable/proxy/utils/Initializable.sol
DA:104,55
FN:104,Initializable.initializer
FNDA:55,Initializable.initializer
DA:106,55
DA:109,55
DA:110,55
DA:117,55
DA:118,55
DA:120,55
BRDA:120,0,0,0
DA:121,0
DA:123,55
DA:124,55
BRDA:124,1,0,55
DA:125,55
DA:128,55
BRDA:128,2,0,55
DA:129,55
DA:130,55
DA:152,0
FN:152,Initializable.reinitializer
FNDA:0,Initializable.reinitializer
DA:154,0
DA:156,0
BRDA:156,3,0,-
DA:157,0
DA:159,0
DA:160,0
DA:162,0
DA:163,0
DA:170,55
FN:170,Initializable.onlyInitializing
FNDA:55,Initializable.onlyInitializing
DA:171,55
DA:178,220
FN:178,Initializable._checkInitializing
FNDA:220,Initializable._checkInitializing
DA:179,220
BRDA:179,4,0,0
DA:180,0
DA:192,0
FN:192,Initializable._disableInitializers
FNDA:0,Initializable._disableInitializers
DA:194,0
DA:196,0
BRDA:196,5,0,-
DA:197,0
DA:199,0
BRDA:199,6,0,-
DA:200,0
DA:201,0
DA:208,0
FN:208,Initializable._getInitializedVersion
FNDA:0,Initializable._getInitializedVersion
DA:209,0
DA:215,220
FN:215,Initializable._isInitializing
FNDA:220,Initializable._isInitializing
DA:216,220
DA:224,275
FN:224,Initializable._initializableStorageSlot
FNDA:275,Initializable._initializableStorageSlot
DA:225,275
DA:232,275
FN:232,Initializable._getInitializableStorage
FNDA:275,Initializable._getInitializableStorage
DA:233,275
DA:235,275
FNF:9
FNH:6
LF:43
LH:24
BRF:7
BRH:2
end_of_record
TN:
SF:node_modules/@openzeppelin/contracts-upgradeable/utils/ContextUpgradeable.sol
DA:18,0
FN:18,ContextUpgradeable.__Context_init
FNDA:0,ContextUpgradeable.__Context_init
DA:21,0
FN:21,ContextUpgradeable.__Context_init_unchained
FNDA:0,ContextUpgradeable.__Context_init_unchained
DA:23,444
FN:23,ContextUpgradeable._msgSender
FNDA:444,ContextUpgradeable._msgSender
DA:24,444
DA:27,0
FN:27,ContextUpgradeable._msgData
FNDA:0,ContextUpgradeable._msgData
DA:28,0
DA:31,0
FN:31,ContextUpgradeable._contextSuffixLength
FNDA:0,ContextUpgradeable._contextSuffixLength
DA:32,0
FNF:5
FNH:1
LF:8
LH:2
BRF:0
BRH:0
end_of_record
TN:
SF:node_modules/@openzeppelin/contracts-upgradeable/utils/ReentrancyGuardUpgradeable.sol
DA:49,96
FN:49,ReentrancyGuardUpgradeable._getReentrancyGuardStorage
FNDA:96,ReentrancyGuardUpgradeable._getReentrancyGuardStorage
DA:51,96
DA:60,0
FN:60,ReentrancyGuardUpgradeable.__ReentrancyGuard_init
FNDA:0,ReentrancyGuardUpgradeable.__ReentrancyGuard_init
DA:61,0
DA:64,0
FN:64,ReentrancyGuardUpgradeable.__ReentrancyGuard_init_unchained
FNDA:0,ReentrancyGuardUpgradeable.__ReentrancyGuard_init_unchained
DA:65,0
DA:66,0
DA:76,1
FN:76,ReentrancyGuardUpgradeable.nonReentrant
FNDA:1,ReentrancyGuardUpgradeable.nonReentrant
DA:77,1
DA:79,1
DA:82,49
FN:82,ReentrancyGuardUpgradeable._nonReentrantBefore
FNDA:49,ReentrancyGuardUpgradeable._nonReentrantBefore
DA:83,49
DA:85,49
BRDA:85,0,0,0
DA:86,0
DA:90,49
DA:93,47
FN:93,ReentrancyGuardUpgradeable._nonReentrantAfter
FNDA:47,ReentrancyGuardUpgradeable._nonReentrantAfter
DA:94,47
DA:97,47
DA:104,0
FN:104,ReentrancyGuardUpgradeable._reentrancyGuardEntered
FNDA:0,ReentrancyGuardUpgradeable._reentrancyGuardEntered
DA:105,0
DA:106,0
FNF:7
FNH:4
LF:21
LH:12
BRF:1
BRH:0
end_of_record
TN:
SF:node_modules/@openzeppelin/contracts-upgradeable/utils/cryptography/EIP712Upgradeable.sol
DA:49,259
FN:49,EIP712Upgradeable._getEIP712Storage
FNDA:259,EIP712Upgradeable._getEIP712Storage
DA:51,259
DA:67,55
FN:67,EIP712Upgradeable.__EIP712_init
FNDA:55,EIP712Upgradeable.__EIP712_init
DA:68,55
DA:71,55
FN:71,EIP712Upgradeable.__EIP712_init_unchained
FNDA:55,EIP712Upgradeable.__EIP712_init_unchained
DA:72,55
DA:73,55
DA:74,55
DA:77,55
DA:78,55
DA:84,51
FN:84,EIP712Upgradeable._domainSeparatorV4
FNDA:51,EIP712Upgradeable._domainSeparatorV4
DA:85,51
DA:88,51
FN:88,EIP712Upgradeable._buildDomainSeparator
FNDA:51,EIP712Upgradeable._buildDomainSeparator
DA:89,51
DA:107,51
FN:107,EIP712Upgradeable._hashTypedDataV4
FNDA:51,EIP712Upgradeable._hashTypedDataV4
DA:108,51
DA:112,0
FN:112,EIP712Upgradeable.eip712Domain
FNDA:0,EIP712Upgradeable.eip712Domain
DA:126,0
DA:129,0
BRDA:129,0,0,-
BRDA:129,0,1,-
DA:131,0
DA:148,51
FN:148,EIP712Upgradeable._EIP712Name
FNDA:51,EIP712Upgradeable._EIP712Name
DA:149,51
DA:150,51
DA:159,51
FN:159,EIP712Upgradeable._EIP712Version
FNDA:51,EIP712Upgradeable._EIP712Version
DA:160,51
DA:161,51
DA:169,51
FN:169,EIP712Upgradeable._EIP712NameHash
FNDA:51,EIP712Upgradeable._EIP712NameHash
DA:170,51
DA:171,51
DA:172,51
BRDA:172,1,0,51
BRDA:172,1,1,0
DA:173,51
DA:177,0
DA:178,0
BRDA:178,2,0,-
BRDA:178,2,1,-
DA:179,0
DA:181,0
DA:191,51
FN:191,EIP712Upgradeable._EIP712VersionHash
FNDA:51,EIP712Upgradeable._EIP712VersionHash
DA:192,51
DA:193,51
DA:194,51
BRDA:194,3,0,51
BRDA:194,3,1,0
DA:195,51
DA:199,0
DA:200,0
BRDA:200,4,0,-
BRDA:200,4,1,-
DA:201,0
DA:203,0
FNF:11
FNH:10
LF:44
LH:32
BRF:10
BRH:2
end_of_record
TN:
SF:node_modules/@openzeppelin/contracts-upgradeable/utils/introspection/ERC165Upgradeable.sol
DA:22,0
FN:22,ERC165Upgradeable.__ERC165_init
FNDA:0,ERC165Upgradeable.__ERC165_init
DA:25,0
FN:25,ERC165Upgradeable.__ERC165_init_unchained
FNDA:0,ERC165Upgradeable.__ERC165_init_unchained
DA:28,0
FN:28,ERC165Upgradeable.supportsInterface
FNDA:0,ERC165Upgradeable.supportsInterface
DA:29,0
FNF:3
FNH:0
LF:4
LH:0
BRF:0
BRH:0
end_of_record
TN:
SF:node_modules/@peeramid-labs/multipass/src/Multipass.sol
DA:24,55
FN:24,Multipass.constructor
FNDA:55,Multipass.constructor
DA:25,55
BRDA:25,0,0,0
DA:26,0
DA:36,55
FN:36,Multipass.initialize
FNDA:55,Multipass.initialize
DA:37,55
DA:38,55
DA:41,51
FN:41,Multipass._isValidSignature
FNDA:51,Multipass._isValidSignature
DA:46,51
DA:47,51
DA:50,49
FN:50,Multipass._validateRecord
FNDA:49,Multipass._validateRecord
DA:51,49
DA:53,49
BRDA:53,1,0,0
BRDA:53,1,1,49
DA:54,49
BRDA:54,2,0,0
BRDA:54,2,1,49
DA:55,49
BRDA:55,3,0,0
BRDA:55,3,1,49
DA:57,49
DA:58,49
BRDA:58,4,0,0
BRDA:58,4,1,49
DA:61,49
BRDA:61,5,0,0
BRDA:61,5,1,49
DA:64,49
DA:75,49
BRDA:75,6,0,1
BRDA:75,6,1,48
DA:83,222
FN:83,Multipass.initializeDomain
FNDA:222,Multipass.initializeDomain
DA:91,222
BRDA:91,7,0,0
BRDA:91,7,1,222
DA:92,222
BRDA:92,8,0,0
BRDA:92,8,1,222
DA:93,222
BRDA:93,9,0,0
BRDA:93,9,1,222
DA:94,222
DA:95,222
BRDA:95,10,0,0
BRDA:95,10,1,222
DA:96,222
BRDA:96,11,0,0
BRDA:96,11,1,222
DA:98,222
DA:99,222
DA:102,271
FN:102,Multipass._enforseDomainNameIsValid
FNDA:271,Multipass._enforseDomainNameIsValid
DA:103,271
BRDA:103,12,0,0
BRDA:103,12,1,271
DA:104,271
BRDA:104,13,0,0
BRDA:104,13,1,271
DA:108,222
FN:108,Multipass.activateDomain
FNDA:222,Multipass.activateDomain
DA:109,222
DA:110,222
DA:111,222
DA:112,222
DA:116,0
FN:116,Multipass.deactivateDomain
FNDA:0,Multipass.deactivateDomain
DA:117,0
DA:118,0
DA:119,0
DA:120,0
DA:124,0
FN:124,Multipass.changeFee
FNDA:0,Multipass.changeFee
DA:125,0
DA:126,0
DA:127,0
DA:128,0
DA:129,0
BRDA:129,14,0,-
BRDA:129,14,1,-
DA:133,0
DA:134,0
DA:138,0
FN:138,Multipass.changeRegistrar
FNDA:0,Multipass.changeRegistrar
DA:139,0
DA:140,0
DA:141,0
BRDA:141,15,0,-
BRDA:141,15,1,-
DA:142,0
DA:143,0
DA:147,0
FN:147,Multipass.deleteName
FNDA:0,Multipass.deleteName
DA:150,0
DA:151,0
DA:152,0
DA:153,0
DA:154,0
BRDA:154,16,0,-
BRDA:154,16,1,-
DA:155,0
DA:156,0
DA:157,0
DA:158,0
DA:159,0
DA:160,0
DA:161,0
DA:162,0
DA:164,0
DA:168,0
FN:168,Multipass.changeReferralProgram
FNDA:0,Multipass.changeReferralProgram
DA:173,0
DA:174,0
DA:175,0
DA:176,0
BRDA:176,17,0,-
BRDA:176,17,1,-
DA:177,0
BRDA:177,18,0,-
BRDA:177,18,1,-
DA:181,0
DA:182,0
DA:183,0
DA:187,50
FN:187,Multipass.resolveRecord
FNDA:50,Multipass.resolveRecord
DA:190,50
DA:194,48
FN:194,Multipass.register
FNDA:48,Multipass.register
DA:200,48
DA:204,48
DA:206,48
DA:207,48
BRDA:207,19,0,0
BRDA:207,19,1,48
DA:210,48
DA:211,48
DA:212,48
BRDA:212,20,0,0
BRDA:212,20,1,48
DA:215,48
DA:216,48
DA:217,48
BRDA:217,21,0,0
BRDA:217,21,1,48
DA:220,48
DA:221,47
DA:222,47
DA:224,47
DA:225,47
DA:226,47
BRDA:226,22,0,1
BRDA:226,22,1,46
DA:227,46
DA:229,46
DA:230,46
BRDA:230,23,0,0
BRDA:230,23,1,46
DA:233,2
BRDA:233,24,0,2
DA:234,2
BRDA:234,25,0,0
BRDA:234,25,1,2
DA:236,2
DA:237,2
BRDA:237,26,0,0
BRDA:237,26,1,2
DA:238,2
DA:239,2
BRDA:239,27,0,0
BRDA:239,27,1,2
DA:241,2
DA:244,46
DA:245,46
DA:249,1
FN:249,Multipass.renewRecord
FNDA:1,Multipass.renewRecord
DA:254,1
DA:255,1
DA:256,1
BRDA:256,28,0,0
BRDA:256,28,1,1
DA:257,1
BRDA:257,29,0,0
BRDA:257,29,1,1
DA:258,1
BRDA:258,30,0,0
BRDA:258,30,1,1
DA:259,1
BRDA:259,31,0,0
BRDA:259,31,1,1
DA:260,1
BRDA:260,32,0,0
BRDA:260,32,1,1
DA:261,1
DA:262,1
DA:263,1
BRDA:263,33,0,0
BRDA:263,33,1,1
DA:264,1
BRDA:264,34,0,0
BRDA:264,34,1,1
DA:265,1
DA:266,1
DA:267,1
BRDA:267,35,0,0
DA:268,0
BRDA:268,36,0,-
BRDA:268,36,1,-
DA:272,0
DA:273,0
BRDA:273,37,0,-
BRDA:273,37,1,-
DA:278,5
FN:278,Multipass.getDomainState
FNDA:5,Multipass.getDomainState
DA:279,5
DA:280,5
DA:284,0
FN:284,Multipass.getDomainStateById
FNDA:0,Multipass.getDomainStateById
DA:285,0
DA:286,0
DA:290,0
FN:290,Multipass.getContractState
FNDA:0,Multipass.getContractState
DA:291,0
DA:299,0
FN:299,Multipass.supportsInterface
FNDA:0,Multipass.supportsInterface
DA:300,0
DA:304,0
FN:304,Multipass.changeRenewalFee
FNDA:0,Multipass.changeRenewalFee
DA:305,0
DA:306,0
DA:307,0
DA:308,0
FNF:20
FNH:11
LF:143
LH:84
BRF:73
BRH:31
end_of_record
TN:
SF:node_modules/@peeramid-labs/multipass/src/libraries/LibMultipass.sol
DA:114,1558
FN:114,LibMultipass.MultipassStorage
FNDA:1558,LibMultipass.MultipassStorage
DA:115,1558
DA:117,1558
DA:129,591
FN:129,LibMultipass._checkNotEmpty
FNDA:591,LibMultipass._checkNotEmpty
DA:130,591
BRDA:130,0,0,0
BRDA:130,0,1,591
DA:131,0
DA:133,591
DA:142,817
FN:142,LibMultipass.resolveDomainIndex
FNDA:817,LibMultipass.resolveDomainIndex
DA:143,817
DA:144,817
DA:147,324
FN:147,LibMultipass._getDomainStorage
FNDA:324,LibMultipass._getDomainStorage
DA:148,324
DA:150,324
DA:153,222
FN:153,LibMultipass._initializeDomain
FNDA:222,LibMultipass._initializeDomain
DA:161,222
DA:163,222
DA:164,222
DA:165,222
DA:166,222
DA:167,222
DA:168,222
DA:169,222
DA:170,222
DA:171,222
DA:172,222
DA:175,242
FN:175,LibMultipass._resolveRecord
FNDA:242,LibMultipass._resolveRecord
DA:176,242
BRDA:176,1,0,47
DA:177,47
DA:178,47
DA:181,195
DA:182,195
DA:183,195
DA:186,195
DA:189,195
BRDA:189,2,0,69
BRDA:189,2,1,126
DA:190,69
DA:191,126
BRDA:191,3,0,54
BRDA:191,3,1,72
DA:192,54
DA:193,72
BRDA:193,4,0,72
DA:194,72
DA:195,72
DA:200,195
DA:209,242
FN:209,LibMultipass.resolveRecord
FNDA:242,LibMultipass.resolveRecord
DA:210,242
DA:217,47
FN:217,LibMultipass._setRecord
FNDA:47,LibMultipass._setRecord
DA:218,47
BRDA:218,5,0,0
BRDA:218,5,1,47
DA:220,47
DA:221,47
DA:222,47
DA:223,47
BRDA:223,6,0,46
DA:224,46
DA:226,47
DA:227,47
DA:228,47
DA:231,195
FN:231,LibMultipass._resolveFromAddress
FNDA:195,LibMultipass._resolveFromAddress
DA:235,195
DA:237,195
DA:238,195
DA:239,195
DA:240,195
DA:241,195
DA:242,195
DA:243,195
DA:245,195
BRDA:245,7,0,156
DA:246,156
DA:248,39
DA:255,97
FN:255,LibMultipass.queryFromRecord
FNDA:97,LibMultipass.queryFromRecord
DA:256,97
DA:257,97
DA:258,97
DA:259,97
DA:260,97
DA:261,97
DA:264,46
FN:264,LibMultipass._registerNew
FNDA:46,LibMultipass._registerNew
DA:265,46
DA:266,46
DA:269,0
FN:269,LibMultipass._getContractState
FNDA:0,LibMultipass._getContractState
DA:270,0
DA:271,0
DA:274,0
FN:274,LibMultipass._getDomainStorageById
FNDA:0,LibMultipass._getDomainStorageById
DA:275,0
DA:277,0
FNF:13
FNH:11
LF:81
LH:74
BRF:12
BRH:10
end_of_record
TN:
SF:script/DeployLocal.s.sol
DA:22,0
FN:22,DeployLocal.run
FNDA:0,DeployLocal.run
DA:23,0
DA:24,0
DA:25,0
DA:26,0
DA:27,0
DA:28,0
DA:30,0
DA:31,0
DA:32,0
DA:33,0
DA:34,0
DA:35,0
DA:36,0
DA:37,0
DA:39,0
DA:40,0
DA:41,0
DA:42,0
DA:44,0
DA:45,0
DA:46,0
DA:47,0
DA:48,0
DA:49,0
DA:51,0
DA:52,0
DA:53,0
DA:54,0
DA:55,0
DA:56,0
DA:57,0
DA:58,0
DA:59,0
DA:60,0
DA:61,0
DA:62,0
DA:63,0
DA:64,0
DA:67,0
FN:67,DeployLocal._domain
FNDA:0,DeployLocal._domain
DA:68,0
DA:69,0
FNF:2
FNH:0
LF:42
LH:0
BRF:0
BRH:0
end_of_record
TN:
SF:script/DeployReporter.s.sol
DA:17,0
FN:17,DeployReporter.run
FNDA:0,DeployReporter.run
DA:18,0
DA:19,0
DA:20,0
DA:21,0
DA:23,0
DA:24,0
DA:25,0
DA:27,0
DA:28,0
DA:29,0
FNF:1
FNH:0
LF:11
LH:0
BRF:0
BRH:0
end_of_record
TN:
SF:script/DeploySepolia.s.sol
DA:48,0
FN:48,DeploySepolia.run
FNDA:0,DeploySepolia.run
DA:49,0
DA:50,0
DA:51,0
DA:53,0
DA:54,0
DA:55,0
DA:57,0
DA:58,0
DA:59,0
DA:60,0
DA:61,0
DA:64,0
FN:64,DeploySepolia._deploy
FNDA:0,DeploySepolia._deploy
DA:68,0
DA:69,0
DA:70,0
DA:76,0
DA:77,0
DA:78,0
DA:79,0
DA:87,0
DA:95,0
DA:96,0
DA:99,0
FN:99,DeploySepolia._write
FNDA:0,DeploySepolia._write
DA:100,0
DA:101,0
DA:102,0
DA:103,0
DA:104,0
DA:105,0
DA:106,0
DA:107,0
DA:108,0
DA:109,0
DA:110,0
DA:111,0
DA:112,0
DA:113,0
DA:114,0
DA:115,0
FNF:3
FNH:0
LF:40
LH:0
BRF:0
BRH:0
end_of_record
TN:
SF:script/InitDomains.s.sol
DA:14,0
FN:14,InitDomains.run
FNDA:0,InitDomains.run
DA:15,0
DA:16,0
DA:17,0
DA:18,0
DA:20,0
DA:21,0
DA:22,0
DA:23,0
DA:24,0
BRDA:24,0,0,-
BRDA:24,0,1,-
DA:25,0
DA:26,0
DA:27,0
BRDA:27,1,0,-
DA:28,0
DA:29,0
DA:31,0
BRDA:31,2,0,-
DA:32,0
DA:33,0
DA:36,0
FNF:1
FNH:0
LF:19
LH:0
BRF:4
BRH:0
end_of_record
TN:
SF:script/MountRoot.s.sol
DA:27,0
FN:27,MountRoot.run
FNDA:0,MountRoot.run
DA:28,0
DA:29,0
DA:39,0
DA:41,0
DA:42,0
BRDA:42,0,0,-
BRDA:42,0,1,-
DA:43,0
DA:44,0
DA:47,0
FN:47,MountRoot._commit
FNDA:0,MountRoot._commit
DA:48,0
DA:52,0
DA:55,0
FN:55,MountRoot._register
FNDA:0,MountRoot._register
DA:56,0
DA:57,0
BRDA:57,1,0,-
BRDA:57,1,1,-
DA:58,0
DA:59,0
DA:60,0
DA:61,0
FNF:3
FNH:0
LF:18
LH:0
BRF:4
BRH:0
end_of_record
TN:
SF:src/AttestationBridge.sol
DA:44,55
FN:44,AttestationBridge.constructor
FNDA:55,AttestationBridge.constructor
DA:51,55
DA:52,55
DA:53,55
DA:54,55
DA:58,46
FN:58,AttestationBridge.verify
FNDA:46,AttestationBridge.verify
DA:64,46
DA:65,44
DA:70,4
FN:70,AttestationBridge.verifyFor
FNDA:4,AttestationBridge.verifyFor
DA:71,4
DA:72,4
BRDA:72,0,0,2
DA:73,2
DA:74,2
DA:75,2
DA:80,6
FN:80,AttestationBridge.setOrg
FNDA:6,AttestationBridge.setOrg
DA:87,5
DA:90,5
DA:93,1
FN:93,AttestationBridge.org
FNDA:1,AttestationBridge.org
DA:94,1
DA:99,4
FN:99,AttestationBridge.linkOwnName
FNDA:4,AttestationBridge.linkOwnName
DA:100,4
BRDA:100,1,0,1
DA:101,3
DA:102,3
DA:103,3
BRDA:103,2,0,1
DA:104,2
DA:105,2
BRDA:105,3,0,1
DA:106,1
DA:107,1
DA:108,1
DA:111,0
FN:111,AttestationBridge.emptyQuery
FNDA:0,AttestationBridge.emptyQuery
DA:112,0
DA:115,46
FN:115,AttestationBridge._grantProfileKeys
FNDA:46,AttestationBridge._grantProfileKeys
DA:116,46
BRDA:116,4,0,46
DA:117,32
DA:118,32
DA:119,32
DA:120,32
DA:121,32
DA:122,32
DA:123,32
DA:124,32
FNF:8
FNH:7
LF:41
LH:39
BRF:5
BRH:5
end_of_record
TN:
SF:src/AttestationFactory.sol
DA:43,55
FN:43,AttestationFactory.constructor
FNDA:55,AttestationFactory.constructor
DA:44,55
DA:52,60
FN:52,AttestationFactory.create
FNDA:60,AttestationFactory.create
DA:59,59
BRDA:59,0,0,1
DA:60,58
DA:61,58
DA:62,58
DA:63,58
DA:64,58
DA:67,3
FN:67,AttestationFactory.instance
FNDA:3,AttestationFactory.instance
DA:68,3
DA:71,1
FN:71,AttestationFactory.domains
FNDA:1,AttestationFactory.domains
DA:72,1
DA:76,34
FN:76,AttestationFactory.parentNameOf
FNDA:34,AttestationFactory.parentNameOf
DA:77,34
DA:78,34
BRDA:78,1,0,1
DA:79,33
DA:82,48
FN:82,AttestationFactory.isInstance
FNDA:48,AttestationFactory.isInstance
DA:83,48
FNF:6
FNH:6
LF:19
LH:19
BRF:2
BRH:2
end_of_record
TN:
SF:src/AttestationRegistry.sol
DA:24,58
FN:24,AttestationRegistry.constructor
FNDA:58,AttestationRegistry.constructor
DA:32,58
DA:33,58
DA:34,58
DA:35,58
DA:36,58
DA:37,58
DA:41,2
FN:41,AttestationRegistry.setSubregistry
FNDA:2,AttestationRegistry.setSubregistry
DA:42,1
DA:43,1
DA:47,2
FN:47,AttestationRegistry.getSubregistry
FNDA:2,AttestationRegistry.getSubregistry
DA:48,2
DA:52,8
FN:52,AttestationRegistry.getResolver
FNDA:8,AttestationRegistry.getResolver
DA:53,8
DA:54,8
BRDA:54,0,0,2
DA:55,6
DA:56,6
DA:57,6
DA:61,2
FN:61,AttestationRegistry.getParent
FNDA:2,AttestationRegistry.getParent
DA:62,2
FNF:5
FNH:5
LF:20
LH:20
BRF:1
BRH:1
end_of_record
TN:
SF:src/AttestationReporter.sol
DA:32,55
FN:32,AttestationReporter.constructor
FNDA:55,AttestationReporter.constructor
DA:33,55
DA:34,55
DA:35,55
DA:46,6
FN:46,AttestationReporter.onReport
FNDA:6,AttestationReporter.onReport
DA:47,6
BRDA:47,0,0,1
DA:48,5
DA:49,5
DA:50,5
DA:57,5
DA:58,5
DA:59,5
DA:60,5
BRDA:60,1,0,1
DA:61,1
BRDA:61,2,0,1
BRDA:61,2,1,3
DA:62,1
DA:64,3
DA:71,4
DA:75,1
FN:75,AttestationReporter.receive
FNDA:1,AttestationReporter.receive
DA:76,1
FNF:3
FNH:3
LF:19
LH:19
BRF:4
BRH:4
end_of_record
TN:
SF:src/AttestationResolver.sol
DA:43,58
FN:43,AttestationResolver.constructor
FNDA:58,AttestationResolver.constructor
DA:44,58
DA:45,58
DA:46,58
DA:47,58
DA:50,2
FN:50,AttestationResolver.parentName
FNDA:2,AttestationResolver.parentName
DA:51,2
DA:55,30
FN:55,AttestationResolver.resolve
FNDA:30,AttestationResolver.resolve
DA:56,30
DA:57,30
DA:58,30
DA:60,30
BRDA:60,0,0,5
DA:62,25
DA:63,25
BRDA:63,1,0,6
DA:64,19
BRDA:64,2,0,10
BRDA:64,2,1,9
DA:65,10
DA:66,10
DA:67,10
BRDA:67,3,0,3
DA:68,7
BRDA:68,4,0,2
DA:69,5
BRDA:69,5,0,2
DA:70,3
BRDA:70,6,0,2
DA:71,9
BRDA:71,7,0,8
DA:72,8
DA:73,8
DA:74,5
BRDA:74,8,0,5
DA:77,5
DA:78,5
DA:79,5
BRDA:79,9,0,1
DA:81,1
DA:84,4
DA:88,3
FN:88,AttestationResolver.supportsInterface
FNDA:3,AttestationResolver.supportsInterface
DA:89,3
DA:94,20
FN:94,AttestationResolver._own
FNDA:20,AttestationResolver._own
DA:95,20
DA:96,20
DA:97,20
DA:101,9
FN:101,AttestationResolver._hop
FNDA:9,AttestationResolver._hop
DA:102,9
DA:103,9
BRDA:103,10,0,1
DA:104,8
DA:105,8
DA:106,8
DA:109,6
FN:109,AttestationResolver._addr
FNDA:6,AttestationResolver._addr
DA:110,6
DA:111,6
DA:114,3
FN:114,AttestationResolver._answer
FNDA:3,AttestationResolver._answer
DA:115,3
DA:116,3
DA:119,2
FN:119,AttestationResolver._expiry
FNDA:2,AttestationResolver._expiry
DA:120,2
DA:121,2
DA:124,2
FN:124,AttestationResolver._humanity
FNDA:2,AttestationResolver._humanity
DA:125,2
DA:126,2
DA:129,2
FN:129,AttestationResolver._humanityUntil
FNDA:2,AttestationResolver._humanityUntil
DA:130,2
DA:131,2
DA:135,5
FN:135,AttestationResolver._link
FNDA:5,AttestationResolver._link
DA:136,5
DA:137,5
DA:141,5
FN:141,AttestationResolver._reverse
FNDA:5,AttestationResolver._reverse
DA:142,5
DA:143,5
BRDA:143,11,0,1
DA:144,4
DA:145,4
DA:146,160
DA:148,4
DA:149,4
BRDA:149,12,0,1
DA:150,3
DA:151,3
DA:152,3
BRDA:152,13,0,2
DA:153,1
DA:158,25
FN:158,AttestationResolver._firstLabel
FNDA:25,AttestationResolver._firstLabel
DA:159,25
DA:160,25
BRDA:160,14,0,1
DA:161,24
DA:162,24
DA:163,121
DA:165,24
DA:168,8
FN:168,AttestationResolver._linkDomain
FNDA:8,AttestationResolver._linkDomain
DA:169,8
DA:170,8
BRDA:170,15,0,2
DA:171,6
DA:172,80
BRDA:172,16,0,1
DA:174,5
DA:175,5
DA:176,5
DA:178,5
FNF:15
FNH:15
LF:88
LH:88
BRF:18
BRH:18
end_of_record
TN:
SF:src/libraries/LibLabel.sol
DA:6,37
FN:6,LibLabel.toBytes32
FNDA:37,LibLabel.toBytes32
DA:7,37
BRDA:7,0,0,2
DA:9,35
DA:11,35
DA:14,37
FN:14,LibLabel.fromBytes32
FNDA:37,LibLabel.fromBytes32
DA:15,37
DA:16,246
DA:17,209
DA:19,37
DA:20,37
DA:21,209
DA:23,37
FNF:2
FNH:2
LF:12
LH:12
BRF:1
BRH:1
end_of_record
TN:
SF:test/Base.t.sol
DA:54,55
FN:54,BaseTest.setUp
FNDA:55,BaseTest.setUp
DA:55,55
DA:56,55
DA:57,55
DA:58,55
DA:59,55
DA:60,55
DA:61,55
DA:62,55
DA:63,55
DA:64,55
DA:65,55
DA:66,55
DA:67,55
DA:69,55
DA:70,55
DA:71,55
DA:72,55
DA:73,55
DA:75,0
DA:76,55
DA:78,0
DA:79,0
DA:80,55
DA:81,55
DA:82,55
DA:87,55
FN:87,BaseTest.b32
FNDA:55,BaseTest.b32
DA:88,55
DA:89,55
BRDA:89,0,0,0
BRDA:89,0,1,0
DA:91,55
DA:95,55
FN:95,BaseTest.domainSeparator
FNDA:55,BaseTest.domainSeparator
DA:96,55
DA:107,112
FN:107,BaseTest.signRecord
FNDA:112,BaseTest.signRecord
DA:108,112
DA:122,52
DA:123,52
DA:124,52
DA:127,52
FN:127,BaseTest.signReferral
FNDA:52,BaseTest.signReferral
DA:128,52
DA:129,52
DA:130,52
DA:131,52
DA:134,52
FN:134,BaseTest.record
FNDA:52,BaseTest.record
DA:139,4
DA:150,4
FN:150,BaseTest.emptyQuery
FNDA:4,BaseTest.emptyQuery
DA:153,51
FN:153,BaseTest.registerVia
FNDA:51,BaseTest.registerVia
DA:154,0
DA:155,51
DA:159,51
FN:159,BaseTest.registerName
FNDA:51,BaseTest.registerName
DA:160,51
DA:169,40
FN:169,BaseTest.dns
FNDA:40,BaseTest.dns
DA:170,40
DA:173,40
FN:173,BaseTest.node
FNDA:40,BaseTest.node
DA:174,0
DA:177,27
FN:177,BaseTest.resolveText
FNDA:27,BaseTest.resolveText
DA:178,27
DA:179,27
DA:182,28
FN:182,BaseTest.resolveData
FNDA:28,BaseTest.resolveData
DA:183,50
DA:184,0
DA:187,11
FN:187,BaseTest.resolveAddr
FNDA:11,BaseTest.resolveAddr
DA:188,10
DA:189,10
DA:192,10
FN:192,BaseTest.resolveName
FNDA:10,BaseTest.resolveName
DA:193,8
DA:194,8
FNF:15
FNH:15
LF:66
LH:60
BRF:2
BRH:0
end_of_record
TN:
SF:test/mocks/MockEthRegistry.sol
DA:13,59
FN:13,MockEthRegistry.setLabel
FNDA:59,MockEthRegistry.setLabel
DA:14,59
DA:15,59
DA:16,59
DA:19,4
FN:19,MockEthRegistry.findOwner
FNDA:4,MockEthRegistry.findOwner
DA:20,4
DA:23,0
FN:23,MockEthRegistry.getSubregistry
FNDA:0,MockEthRegistry.getSubregistry
DA:24,0
DA:27,0
FN:27,MockEthRegistry.getResolver
FNDA:0,MockEthRegistry.getResolver
DA:28,0
DA:31,0
FN:31,MockEthRegistry.getParent
FNDA:0,MockEthRegistry.getParent
DA:32,0
FNF:5
FNH:2
LF:12
LH:6
BRF:0
BRH:0
end_of_record
TN:
SF:test/mocks/MockPermissionedResolver.sol
DA:20,55
FN:20,MockPermissionedResolver.constructor
FNDA:55,MockPermissionedResolver.constructor
DA:21,55
DA:24,55
FN:24,MockPermissionedResolver.grantRootRoles
FNDA:55,MockPermissionedResolver.grantRootRoles
DA:25,55
DA:28,143
FN:28,MockPermissionedResolver._part
FNDA:143,MockPermissionedResolver._part
DA:29,143
DA:32,130
FN:32,MockPermissionedResolver._requireRoot
FNDA:130,MockPermissionedResolver._requireRoot
DA:33,130
BRDA:33,0,0,0
DA:36,4
FN:36,MockPermissionedResolver._requirePart
FNDA:4,MockPermissionedResolver._requirePart
DA:37,4
BRDA:37,1,0,4
DA:38,2
BRDA:38,2,0,1
DA:41,2
FN:41,MockPermissionedResolver.setAlias
FNDA:2,MockPermissionedResolver.setAlias
DA:42,2
DA:43,2
DA:46,31
FN:46,MockPermissionedResolver.getAlias
FNDA:31,MockPermissionedResolver.getAlias
DA:47,36
DA:50,128
FN:50,MockPermissionedResolver.authorizeTextRoles
FNDA:128,MockPermissionedResolver.authorizeTextRoles
DA:54,128
DA:55,128
DA:56,128
DA:59,0
FN:59,MockPermissionedResolver.authorizeDataRoles
FNDA:0,MockPermissionedResolver.authorizeDataRoles
DA:63,0
DA:64,0
DA:65,0
DA:68,13
FN:68,MockPermissionedResolver.hasTextGrant
FNDA:13,MockPermissionedResolver.hasTextGrant
DA:69,13
DA:72,32
FN:72,MockPermissionedResolver.multicall
FNDA:32,MockPermissionedResolver.multicall
DA:73,32
DA:74,32
DA:75,128
DA:76,128
BRDA:76,3,0,0
DA:78,0
DA:81,128
DA:85,2
FN:85,MockPermissionedResolver.setText
FNDA:2,MockPermissionedResolver.setText
DA:86,2
DA:87,1
DA:90,2
FN:90,MockPermissionedResolver.setData
FNDA:2,MockPermissionedResolver.setData
DA:91,2
DA:92,2
DA:95,1
FN:95,MockPermissionedResolver.text
FNDA:1,MockPermissionedResolver.text
DA:96,1
DA:99,3
FN:99,MockPermissionedResolver.data
FNDA:3,MockPermissionedResolver.data
DA:100,3
DA:103,5
FN:103,MockPermissionedResolver.resolve
FNDA:5,MockPermissionedResolver.resolve
DA:104,5
DA:105,5
DA:106,5
DA:108,5
DA:110,5
DA:111,5
BRDA:111,4,0,1
DA:112,4
BRDA:112,5,0,0
DA:114,0
DA:117,4
FNF:16
FNH:15
LF:53
LH:47
BRF:6
BRH:3
end_of_record
TN:
SF:vendor/ens/contracts/utils/BytesUtils.sol
DA:12,0
FN:12,BytesUtils._checkBound
FNDA:0,BytesUtils._checkBound
DA:13,0
BRDA:13,0,0,-
DA:14,0
DA:23,0
FN:23,BytesUtils.keccak
FNDA:0,BytesUtils.keccak
DA:28,0
DA:30,0
DA:38,0
FN:38,BytesUtils.compare.0
FNDA:0,BytesUtils.compare.0
DA:42,0
DA:53,0
FN:53,BytesUtils.compare.1
FNDA:0,BytesUtils.compare.1
DA:61,0
DA:62,0
DA:64,0
DA:65,0
DA:66,0
DA:67,0
DA:68,0
DA:69,0
DA:70,0
BRDA:70,1,0,-
DA:71,0
DA:72,0
BRDA:72,2,0,-
DA:73,0
DA:74,0
DA:75,0
DA:77,0
BRDA:77,3,0,-
BRDA:77,3,1,-
DA:78,0
DA:79,0
BRDA:79,4,0,-
DA:80,0
DA:85,0
DA:95,0
FN:95,BytesUtils.equals.0
FNDA:0,BytesUtils.equals.0
DA:102,0
DA:111,0
FN:111,BytesUtils.equals.1
FNDA:0,BytesUtils.equals.1
DA:117,0
DA:118,0
DA:120,0
DA:121,0
DA:122,0
DA:131,0
FN:131,BytesUtils.equals.2
FNDA:0,BytesUtils.equals.2
DA:136,0
DA:137,0
DA:138,0
DA:145,0
FN:145,BytesUtils.equals.3
FNDA:0,BytesUtils.equals.3
DA:149,0
DA:156,0
FN:156,BytesUtils.readUint8
FNDA:0,BytesUtils.readUint8
DA:160,0
DA:162,0
DA:170,0
FN:170,BytesUtils.readUint16
FNDA:0,BytesUtils.readUint16
DA:174,0
DA:176,0
DA:184,0
FN:184,BytesUtils.readUint32
FNDA:0,BytesUtils.readUint32
DA:188,0
DA:190,0
DA:198,0
FN:198,BytesUtils.readBytes20
FNDA:0,BytesUtils.readBytes20
DA:202,0
DA:204,0
DA:212,0
FN:212,BytesUtils.readBytes32
FNDA:0,BytesUtils.readBytes32
DA:216,0
DA:218,0
DA:228,0
FN:228,BytesUtils.readBytesN
FNDA:0,BytesUtils.readBytesN
DA:233,0
DA:234,0
DA:236,0
DA:237,0
DA:247,0
FN:247,BytesUtils.copyBytes
FNDA:0,BytesUtils.copyBytes
DA:254,0
DA:255,0
DA:257,0
DA:270,0
FN:270,BytesUtils.substring
FNDA:0,BytesUtils.substring
DA:275,0
DA:276,0
DA:285,0
FN:285,BytesUtils.find
FNDA:0,BytesUtils.find
DA:291,0
DA:292,0
BRDA:292,5,0,-
DA:293,0
DA:296,0
DA:300,0
FN:300,BytesUtils.hasZeroByte
FNDA:0,BytesUtils.hasZeroByte
DA:302,0
DA:303,0
DA:317,0
FN:317,BytesUtils.includes
FNDA:0,BytesUtils.includes
DA:323,0
DA:325,0
DA:326,0
DA:327,0
DA:328,0
DA:329,0
DA:330,0
DA:331,0
DA:332,0
DA:333,0
DA:334,0
DA:335,0
DA:336,0
BRDA:336,6,0,-
DA:337,0
DA:338,0
DA:339,0
FNF:19
FNH:0
LF:94
LH:0
BRF:8
BRH:0
end_of_record
TN:
SF:vendor/ens/contracts/utils/HexUtils.sol
DA:13,4
FN:13,HexUtils.hexStringToBytes32
FNDA:4,HexUtils.hexStringToBytes32
DA:18,4
BRDA:18,0,0,0
DA:19,4
DA:20,4
BRDA:20,1,0,0
DA:21,0
DA:23,4
DA:25,4
DA:27,4
DA:29,4
DA:30,4
DA:41,4
FN:41,HexUtils.hexToAddress
FNDA:4,HexUtils.hexToAddress
DA:46,4
BRDA:46,2,0,0
DA:47,4
DA:48,4
DA:49,4
DA:59,0
FN:59,HexUtils.hexToBytes
FNDA:0,HexUtils.hexToBytes
DA:64,0
BRDA:64,3,0,-
DA:65,0
DA:66,0
DA:67,0
DA:68,0
DA:70,0
DA:71,0
DA:73,0
DA:83,4
FN:83,HexUtils.unsafeBytes
FNDA:4,HexUtils.unsafeBytes
DA:89,4
FN:89,HexUtils.getHex
FNDA:4,HexUtils.getHex
DA:90,122
DA:92,122
BRDA:92,4,0,67
DA:93,67
DA:94,67
DA:97,55
BRDA:97,5,0,0
DA:98,0
DA:99,0
DA:102,55
BRDA:102,6,0,53
DA:103,53
DA:104,53
DA:107,2
DA:109,4
DA:110,4
DA:111,4
BRDA:111,7,0,0
DA:112,0
DA:113,0
DA:114,0
DA:115,0
DA:116,0
BRDA:116,8,0,-
DA:117,0
DA:118,0
DA:122,64
DA:123,60
DA:124,60
DA:125,61
DA:126,61
DA:127,61
DA:128,61
BRDA:128,9,0,1
DA:129,1
DA:130,1
DA:132,60
DA:140,0
FN:140,HexUtils.addressToHex
FNDA:0,HexUtils.addressToHex
DA:144,0
DA:145,0
DA:147,0
DA:148,0
DA:150,0
DA:161,0
FN:161,HexUtils.unpaddedUintToHex
FNDA:0,HexUtils.unpaddedUintToHex
DA:165,0
DA:166,0
DA:167,0
DA:168,0
BRDA:168,10,0,-
BRDA:168,10,1,-
DA:169,0
DA:171,0
DA:174,0
BRDA:174,11,0,-
DA:175,0
DA:176,0
DA:177,0
DA:179,0
DA:180,0
DA:182,0
DA:188,0
FN:188,HexUtils.bytesToHex
FNDA:0,HexUtils.bytesToHex
DA:191,0
DA:192,0
DA:193,0
DA:194,0
DA:196,0
DA:197,0
DA:199,0
DA:206,0
FN:206,HexUtils.unsafeHex
FNDA:0,HexUtils.unsafeHex
DA:212,0
DA:213,0
DA:215,0
DA:217,0
DA:218,0
DA:219,0
DA:221,0
FNF:9
FNH:4
LF:93
LH:38
BRF:13
BRH:3
end_of_record
TN:
SF:vendor/ens/contracts/utils/LibMem/LibMem.sol
DA:11,116
FN:11,LibMem.copy
FNDA:116,LibMem.copy
DA:15,126
DA:16,10
DA:17,10
DA:18,10
DA:19,10
DA:22,116
BRDA:22,0,0,116
DA:23,116
DA:24,116
DA:25,116
DA:26,116
DA:36,232
FN:36,LibMem.ptr
FNDA:232,LibMem.ptr
DA:38,232
DA:47,0
FN:47,LibMem.load
FNDA:0,LibMem.load
DA:49,0
FNF:3
FNH:2
LF:15
LH:13
BRF:1
BRH:1
end_of_record
TN:
SF:vendor/ens/contracts/utils/NameCoder.sol
DA:54,872
FN:54,NameCoder.nextLabel
FNDA:872,NameCoder.nextLabel
DA:59,872
BRDA:59,0,0,0
DA:60,0
DA:62,872
DA:63,872
DA:65,872
DA:66,0
BRDA:66,1,0,-
DA:67,0
DA:83,0
FN:83,NameCoder.prevLabel
FNDA:0,NameCoder.prevLabel
DA:88,0
DA:89,0
BRDA:89,2,0,-
DA:90,0
BRDA:90,3,0,-
DA:91,0
DA:93,0
DA:106,0
FN:106,NameCoder.countLabels
FNDA:0,NameCoder.countLabels
DA:110,0
DA:112,0
DA:113,0
BRDA:113,4,0,-
DA:114,0
DA:126,872
FN:126,NameCoder.readLabel
FNDA:872,NameCoder.readLabel
DA:130,872
DA:131,872
DA:132,872
BRDA:132,5,0,654
DA:134,654
DA:149,0
FN:149,NameCoder.extractLabel
FNDA:0,NameCoder.extractLabel
DA:153,0
DA:154,0
DA:155,0
DA:157,0
DA:159,0
DA:169,0
FN:169,NameCoder.firstLabel
FNDA:0,NameCoder.firstLabel
DA:172,0
DA:173,0
BRDA:173,6,0,-
DA:174,0
DA:176,0
DA:186,872
FN:186,NameCoder.namehash.0
FNDA:872,NameCoder.namehash.0
DA:190,872
DA:191,872
BRDA:191,7,0,654
DA:192,654
DA:202,654
FN:202,NameCoder.namehash.1
FNDA:654,NameCoder.namehash.1
DA:208,654
DA:209,654
DA:210,654
DA:224,0
FN:224,NameCoder.decode
FNDA:0,NameCoder.decode
DA:228,0
DA:229,0
BRDA:229,8,0,-
DA:230,0
BRDA:230,9,0,-
DA:231,0
DA:232,0
DA:233,0
DA:235,0
DA:236,0
BRDA:236,10,0,-
DA:237,0
BRDA:237,11,0,-
DA:238,0
DA:240,0
BRDA:240,12,0,-
DA:241,0
DA:243,0
DA:245,0
DA:258,116
FN:258,NameCoder.encode
FNDA:116,NameCoder.encode
DA:262,116
DA:263,116
BRDA:263,13,0,0
DA:264,116
DA:265,116
DA:266,116
DA:267,116
DA:268,116
DA:269,2718
BRDA:269,14,0,232
DA:270,232
DA:271,232
BRDA:271,15,0,0
DA:272,0
DA:274,232
DA:275,232
DA:278,116
DA:279,116
BRDA:279,16,0,0
DA:280,0
DA:282,116
DA:295,0
FN:295,NameCoder.matchSuffix
FNDA:0,NameCoder.matchSuffix
DA:309,0
DA:310,0
BRDA:310,17,0,-
DA:311,0
DA:316,0
BRDA:316,18,0,-
DA:317,0
DA:318,0
DA:319,0
DA:321,0
DA:323,0
BRDA:323,19,0,-
DA:324,0
DA:325,0
DA:334,0
FN:334,NameCoder.assertLabelSize
FNDA:0,NameCoder.assertLabelSize
DA:337,0
DA:338,0
BRDA:338,20,0,-
DA:339,0
BRDA:339,21,0,-
DA:340,0
DA:355,0
FN:355,NameCoder.addLabel
FNDA:0,NameCoder.addLabel
DA:359,0
DA:369,0
FN:369,NameCoder.ethName
FNDA:0,NameCoder.ethName
DA:370,0
FNF:14
FNH:5
LF:97
LH:34
BRF:22
BRH:3
end_of_record
